<?xml version="1.0" encoding="UTF-8"?>
<!-- Generated by org.testng.reporters.JUnitReportReporter -->
<testsuite hostname="LAPTOP-QN6589O8" name="com.automation.app.businessscript.FbTest" tests="1" failures="0" timestamp="7 Jan 2022 07:39:31 GMT" time="3.069" errors="0">
  <testcase name="FbTest" time="3.069" classname="com.automation.app.businessscript.FbTest"/>
</testsuite> <!-- com.automation.app.businessscript.FbTest -->
