<?xml version="1.0" encoding="UTF-8"?>
<!-- Generated by org.testng.reporters.JUnitReportReporter -->
<testsuite hostname="LAPTOP-QN6589O8" name="com.automation.app.businessscript.GmailTestCase" tests="1" failures="0" timestamp="8 Jan 2022 04:11:24 GMT" time="10.952" errors="0">
  <testcase name="GmailTestCase" time="10.952" classname="com.automation.app.businessscript.GmailTestCase"/>
</testsuite> <!-- com.automation.app.businessscript.GmailTestCase -->
