<?xml version="1.0" encoding="UTF-8"?>
<!-- Generated by org.testng.reporters.JUnitReportReporter -->
<testsuite hostname="LAPTOP-QN6589O8" name="com.automation.app.businessscript.FacebookTest" tests="1" failures="0" timestamp="8 Jan 2022 04:11:24 GMT" time="13.533" errors="0">
  <testcase name="facebookTest" time="13.533" classname="com.automation.app.businessscript.FacebookTest"/>
</testsuite> <!-- com.automation.app.businessscript.FacebookTest -->
